*********************************************************************
* LD Score Regression (LDSC)
* Version 1.0.0
* (C) 2014-2015 Brendan Bulik-Sullivan and Hilary Finucane
* Broad Institute of MIT and Harvard / MIT Department of Mathematics
* GNU General Public License v3
*********************************************************************
Call: 
./ldsc.py \
--ref-ld-chr LDSC/tutorial_files/eur_w_ld_chr/ \
--out Tanning_SkinColor \
--rg LDSC/data/GWAS/Tanning/Tanning.sumstats.gz,LDSC/data/GWAS/SkinColor/SkinColor.sumstats.gz \
--w-ld-chr LDSC/tutorial_files/eur_w_ld_chr/ 

Beginning analysis at Mon Apr 13 16:28:19 2020
Reading summary statistics from LDSC/data/GWAS/Tanning/Tanning.sumstats.gz ...
Read summary statistics for 1187056 SNPs.
Reading reference panel LD Score from LDSC/tutorial_files/eur_w_ld_chr/[1-22] ...
Read reference panel LD Scores for 1290028 SNPs.
Removing partitioned LD Scores with zero variance.
Reading regression weight LD Score from LDSC/tutorial_files/eur_w_ld_chr/[1-22] ...
Read regression weight LD Scores for 1290028 SNPs.
After merging with reference panel LD, 1171359 SNPs remain.
After merging with regression SNP LD, 1171359 SNPs remain.
Computing rg for phenotype 2/2
Reading summary statistics from LDSC/data/GWAS/SkinColor/SkinColor.sumstats.gz ...
Read summary statistics for 1187056 SNPs.
After merging with summary statistics, 1171359 SNPs remain.
1171359 SNPs with valid alleles.

Heritability of phenotype 1
---------------------------
Total Observed scale h2: 0.1562 (0.0721)
Lambda GC: 1.3747
Mean Chi^2: 2.7177
Intercept: 1.1598 (0.2329)
Ratio: 0.093 (0.1356)

Heritability of phenotype 2/2
-----------------------------
Total Observed scale h2: 0.1749 (0.0562)
Lambda GC: 1.3967
Mean Chi^2: 2.7739
Intercept: 1.1711 (0.1745)
Ratio: 0.0965 (0.0984)

Genetic Covariance
------------------
Total Observed scale gencov: -0.1424 (0.0574)
Mean z1*z2: -1.7057
Intercept: -0.306 (0.1431)

Genetic Correlation
-------------------
Genetic Correlation: -0.8617 (0.0351)
Z-score: -24.5727
P: 2.4747e-133


Summary of Genetic Correlation Results
p1                                              p2      rg      se        z            p  h2_obs  h2_obs_se  h2_int  h2_int_se  gcov_int  gcov_int_se
LDSC/data/GWAS/Tanning/Tanning.sumstats.gz  LDSC/data/GWAS/SkinColor/SkinColor.sumstats.gz -0.8617  0.0351 -24.5727  2.4747e-133  0.1749     0.0562  1.1711     0.1745    -0.306       0.1431

Analysis finished at Mon Apr 13 16:28:38 2020
Total time elapsed: 18.39s
